[+] Containers:
 |- [+] Container: /Game/Levels/ThirdPersonMap
 |   |- [+] ActorDescs:
 |   |   |- Guid:001B7FF941572EEDCF92989A45C96F7B BaseClass: NativeClass:/Script/Engine.StaticMeshActor Name:StaticMeshActor_UAID_C85ACF00599FB95402_1257652762 Label:Cube3 SpatiallyLoaded:1 Bounds:IsValid=true, Min=(X=1157.500 Y=97.500 Z=-3.125), Max=(X=1382.500 Y=322.500 Z=3.125) RuntimeGrid:None EditorOnly:0 RuntimeOnly:0 HLODRelevant:1 ListedInSceneOutliner:1 IsMainWorldOnly:0
 |   |   |- Guid:03F8FBE54F7EA05877D9329F513217D6 BaseClass: NativeClass:/Script/Engine.StaticMeshActor Name:StaticMeshActor_UAID_C85ACF00599FB95402_1251082761 Label:Cube2 SpatiallyLoaded:1 Bounds:IsValid=true, Min=(X=1157.500 Y=987.500 Z=-3.125), Max=(X=1382.500 Y=1212.500 Z=3.125) RuntimeGrid:None EditorOnly:0 RuntimeOnly:0 HLODRelevant:1 ListedInSceneOutliner:1 IsMainWorldOnly:0
 |   |   |- Guid:093D6F2B4D10654EAF372B91BFBF2680 BaseClass: NativeClass:/Script/Engine.StaticMeshActor Name:StaticMeshActor_UAID_C85ACF00599FBC5402_1395096306 Label:Shelf3 SpatiallyLoaded:1 Bounds:IsValid=true, Min=(X=1620.000 Y=660.000 Z=0.000), Max=(X=1860.000 Y=780.000 Z=260.000) RuntimeGrid:None EditorOnly:0 RuntimeOnly:0 HLODRelevant:1 ListedInSceneOutliner:1 IsMainWorldOnly:0
 |   |   |- Guid:11228EFA4E1309C3745D02AC69CA5AE0 BaseClass: NativeClass:/Script/Engine.StaticMeshActor Name:StaticMeshActor_UAID_C85ACF00599FBC5402_1203152294 Label:Boolean2 SpatiallyLoaded:1 Bounds:IsValid=true, Min=(X=680.000 Y=630.000 Z=-0.000), Max=(X=1900.000 Y=1720.000 Z=380.000) RuntimeGrid:None EditorOnly:0 RuntimeOnly:0 HLODRelevant:1 ListedInSceneOutliner:1 IsMainWorldOnly:0
 |   |   |- Guid:1C6EAEB64D7E662F0C7E4E8CF368F6A9 BaseClass: NativeClass:/Script/Engine.StaticMeshActor Name:StaticMeshActor_UAID_C85ACF00599FBC5402_1507109310 Label:Box3 SpatiallyLoaded:1 Bounds:IsValid=true, Min=(X=680.000 Y=630.000 Z=-20.000), Max=(X=1960.000 Y=1720.000 Z=0.000) RuntimeGrid:None EditorOnly:0 RuntimeOnly:0 HLODRelevant:1 ListedInSceneOutliner:1 IsMainWorldOnly:0
 |   |   |- Guid:2560A9AC4F58AD980606E89CF7E6B051 BaseClass: NativeClass:/Script/Engine.StaticMeshActor Name:StaticMeshActor_UAID_C85ACF00599FB95402_1179803760 Label:Cube SpatiallyLoaded:1 Bounds:IsValid=true, Min=(X=1577.500 Y=987.500 Z=-3.125), Max=(X=1802.500 Y=1212.500 Z=3.125) RuntimeGrid:None EditorOnly:0 RuntimeOnly:0 HLODRelevant:1 ListedInSceneOutliner:1 IsMainWorldOnly:0
 |   |   |- Guid:25B597534463E67128454280A577B1E1 BaseClass: NativeClass:/Script/Engine.StaticMeshActor Name:StaticMeshActor_UAID_C85ACF00599FBC5402_1382097304 Label:Shelf SpatiallyLoaded:1 Bounds:IsValid=true, Min=(X=1120.000 Y=660.000 Z=0.000), Max=(X=1360.000 Y=780.000 Z=260.000) RuntimeGrid:None EditorOnly:0 RuntimeOnly:0 HLODRelevant:1 ListedInSceneOutliner:1 IsMainWorldOnly:0
 |   |   |- Guid:2FB58999456391D349DC0F86DAC136ED BaseClass: NativeClass:/Script/Engine.SkyLight Name:SkyLight_1 Label:SkyLight SpatiallyLoaded:0 Bounds:IsValid=true, Min=(X=0.000 Y=0.000 Z=690.000), Max=(X=0.000 Y=0.000 Z=690.000) RuntimeGrid:None EditorOnly:0 RuntimeOnly:0 HLODRelevant:0 ListedInSceneOutliner:1 IsMainWorldOnly:0 FolderPath:Lighting FolderGuid:963EC3EB4002CCE9759E2EBA541A873A
 |   |   |- Guid:316CF2A6494ACA4C0E4180A87D36AB8F BaseClass: NativeClass:/Script/Engine.ExponentialHeightFog Name:ExponentialHeightFog_0 Label:ExponentialHeightFog SpatiallyLoaded:0 Bounds:IsValid=true, Min=(X=-5600.000 Y=-50.000 Z=-6850.000), Max=(X=-5600.000 Y=-50.000 Z=-6850.000) RuntimeGrid:None EditorOnly:0 RuntimeOnly:0 HLODRelevant:0 ListedInSceneOutliner:1 IsMainWorldOnly:0 FolderPath:Lighting FolderGuid:963EC3EB4002CCE9759E2EBA541A873A
 |   |   |- Guid:41D809654D297038848AB284A938E6FD BaseClass: NativeClass:/Script/Engine.StaticMeshActor Name:StaticMeshActor_UAID_C85ACF00599FBC5402_1391095305 Label:Shelf2 SpatiallyLoaded:1 Bounds:IsValid=true, Min=(X=1370.000 Y=660.000 Z=0.000), Max=(X=1610.000 Y=780.000 Z=260.000) RuntimeGrid:None EditorOnly:0 RuntimeOnly:0 HLODRelevant:1 ListedInSceneOutliner:1 IsMainWorldOnly:0
 |   |   |- Guid:4D3BE93F4146AAAC8BBE79999D96D57F BaseClass: NativeClass:/Script/Engine.VolumetricCloud Name:VolumetricCloud_0 Label:VolumetricCloud SpatiallyLoaded:0 Bounds:IsValid=true, Min=(X=0.000 Y=0.000 Z=820.000), Max=(X=0.000 Y=0.000 Z=820.000) RuntimeGrid:None EditorOnly:0 RuntimeOnly:0 HLODRelevant:0 ListedInSceneOutliner:1 IsMainWorldOnly:0 FolderPath:Lighting FolderGuid:963EC3EB4002CCE9759E2EBA541A873A
 |   |   |- Guid:5316EF904C7DA806500F01AE3AE8CDE8 BaseClass:/Game/Blueprints/Customer_System/customer_spawner/BP_CustomerSpawner.BP_CustomerSpawner_C NativeClass:/Script/Engine.Actor Name:BP_CustomerSpawner_C_UAID_C85ACF00599FB95402_1538147767 Label:BP_CustomerSpawner SpatiallyLoaded:1 Bounds:IsValid=true, Min=(X=1650.000 Y=760.000 Z=0.000), Max=(X=1650.000 Y=760.000 Z=0.000) RuntimeGrid:None EditorOnly:0 RuntimeOnly:0 HLODRelevant:0 ListedInSceneOutliner:1 IsMainWorldOnly:0
 |   |   |- Guid:5A55234F4A0A168D7649498DC35229D7 BaseClass: NativeClass:/Script/NavigationSystem.RecastNavMesh Name:RecastNavMesh_UAID_C85ACF00599FB95402-Default Label:RecastNavMesh-Default SpatiallyLoaded:0 Bounds:IsValid=true, Min=(X=0.000 Y=0.000 Z=0.000), Max=(X=0.000 Y=0.000 Z=0.000) RuntimeGrid:None EditorOnly:0 RuntimeOnly:0 HLODRelevant:0 ListedInSceneOutliner:1 IsMainWorldOnly:0
 |   |   |- Guid:6BAF4DDD444C60371492D3919DB42C97 BaseClass: NativeClass:/Script/Engine.WorldDataLayers Name:WorldDataLayers Label:WorldDataLayers SpatiallyLoaded:0 Bounds:Invalid RuntimeGrid:None EditorOnly:0 RuntimeOnly:0 HLODRelevant:0 ListedInSceneOutliner:1 IsMainWorldOnly:1
 |   |   |- Guid:7BE5930146581FE961531AAC581E8A4B BaseClass: NativeClass:/Script/Engine.StaticMeshActor Name:StaticMeshActor_UAID_C85ACF00599FBB5402_1850930111 Label:Box SpatiallyLoaded:1 Bounds:IsValid=true, Min=(X=700.000 Y=850.000 Z=-0.000), Max=(X=1100.000 Y=1350.000 Z=100.000) RuntimeGrid:None EditorOnly:0 RuntimeOnly:0 HLODRelevant:1 ListedInSceneOutliner:1 IsMainWorldOnly:0
 |   |   |- Guid:7FF5469F4CFEDFDF69498DBA9ADD6D18 BaseClass: NativeClass:/Script/Engine.StaticMeshActor Name:StaticMeshActor_UAID_C85ACF00599FBC5402_1580486311 Label:Box4 SpatiallyLoaded:1 Bounds:IsValid=true, Min=(X=680.000 Y=630.000 Z=360.000), Max=(X=1960.000 Y=1720.000 Z=380.000) RuntimeGrid:None EditorOnly:0 RuntimeOnly:0 HLODRelevant:1 ListedInSceneOutliner:1 IsMainWorldOnly:0
 |   |   |- Guid:939EB9AC48EA56C4614FC0A073DB6B34 BaseClass: NativeClass:/Script/Engine.StaticMeshActor Name:StaticMeshActor_UAID_C85ACF00599FBC5402_1239410295 Label:Box2 SpatiallyLoaded:1 Bounds:IsValid=true, Min=(X=1880.000 Y=1000.000 Z=280.000), Max=(X=1900.000 Y=1200.000 Z=380.000) RuntimeGrid:None EditorOnly:0 RuntimeOnly:0 HLODRelevant:1 ListedInSceneOutliner:1 IsMainWorldOnly:0
 |   |   |- Guid:969F7459473209B4EF014791CF540F60 BaseClass: NativeClass:/Script/Engine.StaticMeshActor Name:StaticMeshActor_UAID_C85ACF00599FBC5402_1463257309 Label:Shelf6 SpatiallyLoaded:1 Bounds:IsValid=true, Min=(X=1720.000 Y=1440.000 Z=0.000), Max=(X=1840.000 Y=1680.000 Z=260.000) RuntimeGrid:None EditorOnly:0 RuntimeOnly:0 HLODRelevant:1 ListedInSceneOutliner:1 IsMainWorldOnly:0
 |   |   |- Guid:A16F786545B6B30DF7DD0BB55FFD2671 BaseClass:/Game/ThirdPerson/Blueprints/BP_ThirdPersonCharacter.BP_ThirdPersonCharacter_C NativeClass:/Script/Engine.Character Name:BP_ThirdPersonCharacter_C_UAID_C85ACF00599FBB5402_1356905111 Label:BP_ThirdPersonCharacter SpatiallyLoaded:1 Bounds:IsValid=true, Min=(X=885.000 Y=1045.000 Z=0.000), Max=(X=957.610 Y=1115.000 Z=181.332) RuntimeGrid:None EditorOnly:0 RuntimeOnly:0 HLODRelevant:0 ListedInSceneOutliner:1 IsMainWorldOnly:0
 |   |   |- Guid:AD764143480BB2788F91C6B0EFE5FC9B BaseClass: NativeClass:/Script/NavigationSystem.NavMeshBoundsVolume Name:NavMeshBoundsVolume_UAID_C85ACF00599FB95402_1427534764 Label:NavMeshBoundsVolume SpatiallyLoaded:0 Bounds:IsValid=true, Min=(X=970.000 Y=906.250 Z=-120.000), Max=(X=2270.000 Y=1293.750 Z=80.000) RuntimeGrid:None EditorOnly:0 RuntimeOnly:0 HLODRelevant:0 ListedInSceneOutliner:1 IsMainWorldOnly:0
 |   |   |- Guid:B785ED2844B84CFB91E7F39FE661CD99 BaseClass: NativeClass:/Script/Engine.DirectionalLight Name:DirectionalLight_0 Label:DirectionalLight SpatiallyLoaded:0 Bounds:Invalid RuntimeGrid:None EditorOnly:0 RuntimeOnly:0 HLODRelevant:0 ListedInSceneOutliner:1 IsMainWorldOnly:0 FolderPath:Lighting FolderGuid:963EC3EB4002CCE9759E2EBA541A873A
 |   |   |- Guid:C51393CE445419ECBCC25B9EA5D80E73 BaseClass: NativeClass:/Script/Engine.StaticMeshActor Name:StaticMeshActor_UAID_C85ACF00599FBC5402_1458607308 Label:Shelf5 SpatiallyLoaded:1 Bounds:IsValid=true, Min=(X=1420.000 Y=1440.000 Z=0.000), Max=(X=1540.000 Y=1680.000 Z=260.000) RuntimeGrid:None EditorOnly:0 RuntimeOnly:0 HLODRelevant:1 ListedInSceneOutliner:1 IsMainWorldOnly:0
 |   |   |- Guid:CCFF262C46EEFFDF319E7F9539CE697E BaseClass: NativeClass:/Script/Engine.SkyAtmosphere Name:SkyAtmosphere_0 Label:SkyAtmosphere SpatiallyLoaded:0 Bounds:IsValid=true, Min=(X=0.000 Y=0.000 Z=1020.000), Max=(X=0.000 Y=0.000 Z=1020.000) RuntimeGrid:None EditorOnly:0 RuntimeOnly:0 HLODRelevant:0 ListedInSceneOutliner:1 IsMainWorldOnly:0 FolderPath:Lighting FolderGuid:963EC3EB4002CCE9759E2EBA541A873A
 |   |   |- Guid:EC4E0C944CE6AC6E784BC6BB2916EA13 BaseClass: NativeClass:/Script/Engine.StaticMeshActor Name:StaticMeshActor_UAID_A4AE111137DC5EFB00_1110535423 Label:SM_SkySphere SpatiallyLoaded:0 Bounds:IsValid=true, Min=(X=-1638400.000 Y=-1638400.000 Z=-1638400.000), Max=(X=1638400.000 Y=1638400.000 Z=1638400.000) RuntimeGrid:None EditorOnly:0 RuntimeOnly:0 HLODRelevant:0 ListedInSceneOutliner:1 IsMainWorldOnly:0 FolderPath:Lighting FolderGuid:963EC3EB4002CCE9759E2EBA541A873A
 |   |   |- Guid:F403D9B5440EE45448051FA2C60C7D3F BaseClass: NativeClass:/Script/Engine.StaticMeshActor Name:StaticMeshActor_UAID_C85ACF00599FBC5402_1443667307 Label:Shelf4 SpatiallyLoaded:1 Bounds:IsValid=true, Min=(X=1140.000 Y=1440.000 Z=0.000), Max=(X=1260.000 Y=1680.000 Z=260.000) RuntimeGrid:None EditorOnly:0 RuntimeOnly:0 HLODRelevant:1 ListedInSceneOutliner:1 IsMainWorldOnly:0
 |   |   |- Guid:F5E3FEB3450C49844FD93DA8E083C8AD BaseClass: NativeClass:/Script/Engine.PostProcessVolume Name:PostProcessVolume_0 Label:PostProcessVolume SpatiallyLoaded:0 Bounds:IsValid=true, Min=(X=0.000 Y=0.000 Z=400.000), Max=(X=200.000 Y=200.000 Z=600.000) RuntimeGrid:None EditorOnly:0 RuntimeOnly:0 HLODRelevant:0 ListedInSceneOutliner:1 IsMainWorldOnly:0 FolderPath:Lighting FolderGuid:963EC3EB4002CCE9759E2EBA541A873A
 |   |- [+] Clusters:
 |   |   |- [+] [  0]
 |   |   |   |- Guid:001B7FF941572EEDCF92989A45C96F7B BaseClass: NativeClass:/Script/Engine.StaticMeshActor Name:StaticMeshActor_UAID_C85ACF00599FB95402_1257652762 Label:Cube3 SpatiallyLoaded:1 Bounds:IsValid=true, Min=(X=1157.500 Y=97.500 Z=-3.125), Max=(X=1382.500 Y=322.500 Z=3.125) RuntimeGrid:None EditorOnly:0 RuntimeOnly:0 HLODRelevant:1 ListedInSceneOutliner:1 IsMainWorldOnly:0
 |   |   |- [+] [  1]
 |   |   |   |- Guid:03F8FBE54F7EA05877D9329F513217D6 BaseClass: NativeClass:/Script/Engine.StaticMeshActor Name:StaticMeshActor_UAID_C85ACF00599FB95402_1251082761 Label:Cube2 SpatiallyLoaded:1 Bounds:IsValid=true, Min=(X=1157.500 Y=987.500 Z=-3.125), Max=(X=1382.500 Y=1212.500 Z=3.125) RuntimeGrid:None EditorOnly:0 RuntimeOnly:0 HLODRelevant:1 ListedInSceneOutliner:1 IsMainWorldOnly:0
 |   |   |- [+] [  2]
 |   |   |   |- Guid:093D6F2B4D10654EAF372B91BFBF2680 BaseClass: NativeClass:/Script/Engine.StaticMeshActor Name:StaticMeshActor_UAID_C85ACF00599FBC5402_1395096306 Label:Shelf3 SpatiallyLoaded:1 Bounds:IsValid=true, Min=(X=1620.000 Y=660.000 Z=0.000), Max=(X=1860.000 Y=780.000 Z=260.000) RuntimeGrid:None EditorOnly:0 RuntimeOnly:0 HLODRelevant:1 ListedInSceneOutliner:1 IsMainWorldOnly:0
 |   |   |- [+] [  3]
 |   |   |   |- Guid:11228EFA4E1309C3745D02AC69CA5AE0 BaseClass: NativeClass:/Script/Engine.StaticMeshActor Name:StaticMeshActor_UAID_C85ACF00599FBC5402_1203152294 Label:Boolean2 SpatiallyLoaded:1 Bounds:IsValid=true, Min=(X=680.000 Y=630.000 Z=-0.000), Max=(X=1900.000 Y=1720.000 Z=380.000) RuntimeGrid:None EditorOnly:0 RuntimeOnly:0 HLODRelevant:1 ListedInSceneOutliner:1 IsMainWorldOnly:0
 |   |   |- [+] [  4]
 |   |   |   |- Guid:1C6EAEB64D7E662F0C7E4E8CF368F6A9 BaseClass: NativeClass:/Script/Engine.StaticMeshActor Name:StaticMeshActor_UAID_C85ACF00599FBC5402_1507109310 Label:Box3 SpatiallyLoaded:1 Bounds:IsValid=true, Min=(X=680.000 Y=630.000 Z=-20.000), Max=(X=1960.000 Y=1720.000 Z=0.000) RuntimeGrid:None EditorOnly:0 RuntimeOnly:0 HLODRelevant:1 ListedInSceneOutliner:1 IsMainWorldOnly:0
 |   |   |- [+] [  5]
 |   |   |   |- Guid:2560A9AC4F58AD980606E89CF7E6B051 BaseClass: NativeClass:/Script/Engine.StaticMeshActor Name:StaticMeshActor_UAID_C85ACF00599FB95402_1179803760 Label:Cube SpatiallyLoaded:1 Bounds:IsValid=true, Min=(X=1577.500 Y=987.500 Z=-3.125), Max=(X=1802.500 Y=1212.500 Z=3.125) RuntimeGrid:None EditorOnly:0 RuntimeOnly:0 HLODRelevant:1 ListedInSceneOutliner:1 IsMainWorldOnly:0
 |   |   |- [+] [  6]
 |   |   |   |- Guid:25B597534463E67128454280A577B1E1 BaseClass: NativeClass:/Script/Engine.StaticMeshActor Name:StaticMeshActor_UAID_C85ACF00599FBC5402_1382097304 Label:Shelf SpatiallyLoaded:1 Bounds:IsValid=true, Min=(X=1120.000 Y=660.000 Z=0.000), Max=(X=1360.000 Y=780.000 Z=260.000) RuntimeGrid:None EditorOnly:0 RuntimeOnly:0 HLODRelevant:1 ListedInSceneOutliner:1 IsMainWorldOnly:0
 |   |   |- [+] [  7]
 |   |   |   |- Guid:2FB58999456391D349DC0F86DAC136ED BaseClass: NativeClass:/Script/Engine.SkyLight Name:SkyLight_1 Label:SkyLight SpatiallyLoaded:0 Bounds:IsValid=true, Min=(X=0.000 Y=0.000 Z=690.000), Max=(X=0.000 Y=0.000 Z=690.000) RuntimeGrid:None EditorOnly:0 RuntimeOnly:0 HLODRelevant:0 ListedInSceneOutliner:1 IsMainWorldOnly:0 FolderPath:Lighting FolderGuid:963EC3EB4002CCE9759E2EBA541A873A
 |   |   |- [+] [  8]
 |   |   |   |- Guid:316CF2A6494ACA4C0E4180A87D36AB8F BaseClass: NativeClass:/Script/Engine.ExponentialHeightFog Name:ExponentialHeightFog_0 Label:ExponentialHeightFog SpatiallyLoaded:0 Bounds:IsValid=true, Min=(X=-5600.000 Y=-50.000 Z=-6850.000), Max=(X=-5600.000 Y=-50.000 Z=-6850.000) RuntimeGrid:None EditorOnly:0 RuntimeOnly:0 HLODRelevant:0 ListedInSceneOutliner:1 IsMainWorldOnly:0 FolderPath:Lighting FolderGuid:963EC3EB4002CCE9759E2EBA541A873A
 |   |   |- [+] [  9]
 |   |   |   |- Guid:41D809654D297038848AB284A938E6FD BaseClass: NativeClass:/Script/Engine.StaticMeshActor Name:StaticMeshActor_UAID_C85ACF00599FBC5402_1391095305 Label:Shelf2 SpatiallyLoaded:1 Bounds:IsValid=true, Min=(X=1370.000 Y=660.000 Z=0.000), Max=(X=1610.000 Y=780.000 Z=260.000) RuntimeGrid:None EditorOnly:0 RuntimeOnly:0 HLODRelevant:1 ListedInSceneOutliner:1 IsMainWorldOnly:0
 |   |   |- [+] [ 10]
 |   |   |   |- Guid:4D3BE93F4146AAAC8BBE79999D96D57F BaseClass: NativeClass:/Script/Engine.VolumetricCloud Name:VolumetricCloud_0 Label:VolumetricCloud SpatiallyLoaded:0 Bounds:IsValid=true, Min=(X=0.000 Y=0.000 Z=820.000), Max=(X=0.000 Y=0.000 Z=820.000) RuntimeGrid:None EditorOnly:0 RuntimeOnly:0 HLODRelevant:0 ListedInSceneOutliner:1 IsMainWorldOnly:0 FolderPath:Lighting FolderGuid:963EC3EB4002CCE9759E2EBA541A873A
 |   |   |- [+] [ 11]
 |   |   |   |- Guid:5316EF904C7DA806500F01AE3AE8CDE8 BaseClass:/Game/Blueprints/Customer_System/customer_spawner/BP_CustomerSpawner.BP_CustomerSpawner_C NativeClass:/Script/Engine.Actor Name:BP_CustomerSpawner_C_UAID_C85ACF00599FB95402_1538147767 Label:BP_CustomerSpawner SpatiallyLoaded:1 Bounds:IsValid=true, Min=(X=1650.000 Y=760.000 Z=0.000), Max=(X=1650.000 Y=760.000 Z=0.000) RuntimeGrid:None EditorOnly:0 RuntimeOnly:0 HLODRelevant:0 ListedInSceneOutliner:1 IsMainWorldOnly:0
 |   |   |- [+] [ 12]
 |   |   |   |- Guid:5A55234F4A0A168D7649498DC35229D7 BaseClass: NativeClass:/Script/NavigationSystem.RecastNavMesh Name:RecastNavMesh_UAID_C85ACF00599FB95402-Default Label:RecastNavMesh-Default SpatiallyLoaded:0 Bounds:IsValid=true, Min=(X=0.000 Y=0.000 Z=0.000), Max=(X=0.000 Y=0.000 Z=0.000) RuntimeGrid:None EditorOnly:0 RuntimeOnly:0 HLODRelevant:0 ListedInSceneOutliner:1 IsMainWorldOnly:0
 |   |   |- [+] [ 13]
 |   |   |   |- Guid:6BAF4DDD444C60371492D3919DB42C97 BaseClass: NativeClass:/Script/Engine.WorldDataLayers Name:WorldDataLayers Label:WorldDataLayers SpatiallyLoaded:0 Bounds:Invalid RuntimeGrid:None EditorOnly:0 RuntimeOnly:0 HLODRelevant:0 ListedInSceneOutliner:1 IsMainWorldOnly:1
 |   |   |- [+] [ 14]
 |   |   |   |- Guid:7BE5930146581FE961531AAC581E8A4B BaseClass: NativeClass:/Script/Engine.StaticMeshActor Name:StaticMeshActor_UAID_C85ACF00599FBB5402_1850930111 Label:Box SpatiallyLoaded:1 Bounds:IsValid=true, Min=(X=700.000 Y=850.000 Z=-0.000), Max=(X=1100.000 Y=1350.000 Z=100.000) RuntimeGrid:None EditorOnly:0 RuntimeOnly:0 HLODRelevant:1 ListedInSceneOutliner:1 IsMainWorldOnly:0
 |   |   |- [+] [ 15]
 |   |   |   |- Guid:7FF5469F4CFEDFDF69498DBA9ADD6D18 BaseClass: NativeClass:/Script/Engine.StaticMeshActor Name:StaticMeshActor_UAID_C85ACF00599FBC5402_1580486311 Label:Box4 SpatiallyLoaded:1 Bounds:IsValid=true, Min=(X=680.000 Y=630.000 Z=360.000), Max=(X=1960.000 Y=1720.000 Z=380.000) RuntimeGrid:None EditorOnly:0 RuntimeOnly:0 HLODRelevant:1 ListedInSceneOutliner:1 IsMainWorldOnly:0
 |   |   |- [+] [ 16]
 |   |   |   |- Guid:939EB9AC48EA56C4614FC0A073DB6B34 BaseClass: NativeClass:/Script/Engine.StaticMeshActor Name:StaticMeshActor_UAID_C85ACF00599FBC5402_1239410295 Label:Box2 SpatiallyLoaded:1 Bounds:IsValid=true, Min=(X=1880.000 Y=1000.000 Z=280.000), Max=(X=1900.000 Y=1200.000 Z=380.000) RuntimeGrid:None EditorOnly:0 RuntimeOnly:0 HLODRelevant:1 ListedInSceneOutliner:1 IsMainWorldOnly:0
 |   |   |- [+] [ 17]
 |   |   |   |- Guid:969F7459473209B4EF014791CF540F60 BaseClass: NativeClass:/Script/Engine.StaticMeshActor Name:StaticMeshActor_UAID_C85ACF00599FBC5402_1463257309 Label:Shelf6 SpatiallyLoaded:1 Bounds:IsValid=true, Min=(X=1720.000 Y=1440.000 Z=0.000), Max=(X=1840.000 Y=1680.000 Z=260.000) RuntimeGrid:None EditorOnly:0 RuntimeOnly:0 HLODRelevant:1 ListedInSceneOutliner:1 IsMainWorldOnly:0
 |   |   |- [+] [ 18]
 |   |   |   |- Guid:A16F786545B6B30DF7DD0BB55FFD2671 BaseClass:/Game/ThirdPerson/Blueprints/BP_ThirdPersonCharacter.BP_ThirdPersonCharacter_C NativeClass:/Script/Engine.Character Name:BP_ThirdPersonCharacter_C_UAID_C85ACF00599FBB5402_1356905111 Label:BP_ThirdPersonCharacter SpatiallyLoaded:1 Bounds:IsValid=true, Min=(X=885.000 Y=1045.000 Z=0.000), Max=(X=957.610 Y=1115.000 Z=181.332) RuntimeGrid:None EditorOnly:0 RuntimeOnly:0 HLODRelevant:0 ListedInSceneOutliner:1 IsMainWorldOnly:0
 |   |   |- [+] [ 19]
 |   |   |   |- Guid:AD764143480BB2788F91C6B0EFE5FC9B BaseClass: NativeClass:/Script/NavigationSystem.NavMeshBoundsVolume Name:NavMeshBoundsVolume_UAID_C85ACF00599FB95402_1427534764 Label:NavMeshBoundsVolume SpatiallyLoaded:0 Bounds:IsValid=true, Min=(X=970.000 Y=906.250 Z=-120.000), Max=(X=2270.000 Y=1293.750 Z=80.000) RuntimeGrid:None EditorOnly:0 RuntimeOnly:0 HLODRelevant:0 ListedInSceneOutliner:1 IsMainWorldOnly:0
 |   |   |- [+] [ 20]
 |   |   |   |- Guid:B785ED2844B84CFB91E7F39FE661CD99 BaseClass: NativeClass:/Script/Engine.DirectionalLight Name:DirectionalLight_0 Label:DirectionalLight SpatiallyLoaded:0 Bounds:Invalid RuntimeGrid:None EditorOnly:0 RuntimeOnly:0 HLODRelevant:0 ListedInSceneOutliner:1 IsMainWorldOnly:0 FolderPath:Lighting FolderGuid:963EC3EB4002CCE9759E2EBA541A873A
 |   |   |- [+] [ 21]
 |   |   |   |- Guid:C51393CE445419ECBCC25B9EA5D80E73 BaseClass: NativeClass:/Script/Engine.StaticMeshActor Name:StaticMeshActor_UAID_C85ACF00599FBC5402_1458607308 Label:Shelf5 SpatiallyLoaded:1 Bounds:IsValid=true, Min=(X=1420.000 Y=1440.000 Z=0.000), Max=(X=1540.000 Y=1680.000 Z=260.000) RuntimeGrid:None EditorOnly:0 RuntimeOnly:0 HLODRelevant:1 ListedInSceneOutliner:1 IsMainWorldOnly:0
 |   |   |- [+] [ 22]
 |   |   |   |- Guid:CCFF262C46EEFFDF319E7F9539CE697E BaseClass: NativeClass:/Script/Engine.SkyAtmosphere Name:SkyAtmosphere_0 Label:SkyAtmosphere SpatiallyLoaded:0 Bounds:IsValid=true, Min=(X=0.000 Y=0.000 Z=1020.000), Max=(X=0.000 Y=0.000 Z=1020.000) RuntimeGrid:None EditorOnly:0 RuntimeOnly:0 HLODRelevant:0 ListedInSceneOutliner:1 IsMainWorldOnly:0 FolderPath:Lighting FolderGuid:963EC3EB4002CCE9759E2EBA541A873A
 |   |   |- [+] [ 23]
 |   |   |   |- Guid:EC4E0C944CE6AC6E784BC6BB2916EA13 BaseClass: NativeClass:/Script/Engine.StaticMeshActor Name:StaticMeshActor_UAID_A4AE111137DC5EFB00_1110535423 Label:SM_SkySphere SpatiallyLoaded:0 Bounds:IsValid=true, Min=(X=-1638400.000 Y=-1638400.000 Z=-1638400.000), Max=(X=1638400.000 Y=1638400.000 Z=1638400.000) RuntimeGrid:None EditorOnly:0 RuntimeOnly:0 HLODRelevant:0 ListedInSceneOutliner:1 IsMainWorldOnly:0 FolderPath:Lighting FolderGuid:963EC3EB4002CCE9759E2EBA541A873A
 |   |   |- [+] [ 24]
 |   |   |   |- Guid:F403D9B5440EE45448051FA2C60C7D3F BaseClass: NativeClass:/Script/Engine.StaticMeshActor Name:StaticMeshActor_UAID_C85ACF00599FBC5402_1443667307 Label:Shelf4 SpatiallyLoaded:1 Bounds:IsValid=true, Min=(X=1140.000 Y=1440.000 Z=0.000), Max=(X=1260.000 Y=1680.000 Z=260.000) RuntimeGrid:None EditorOnly:0 RuntimeOnly:0 HLODRelevant:1 ListedInSceneOutliner:1 IsMainWorldOnly:0
 |   |   |- [+] [ 25]
 |   |   |   |- Guid:F5E3FEB3450C49844FD93DA8E083C8AD BaseClass: NativeClass:/Script/Engine.PostProcessVolume Name:PostProcessVolume_0 Label:PostProcessVolume SpatiallyLoaded:0 Bounds:IsValid=true, Min=(X=0.000 Y=0.000 Z=400.000), Max=(X=200.000 Y=200.000 Z=600.000) RuntimeGrid:None EditorOnly:0 RuntimeOnly:0 HLODRelevant:0 ListedInSceneOutliner:1 IsMainWorldOnly:0 FolderPath:Lighting FolderGuid:963EC3EB4002CCE9759E2EBA541A873A
 |- ContainerInstances:
 |- [+] MainContainer:
 |   |-        ID: 00000000000000000000000000000000
 |   |-  ParentID: 00000000000000000000000000000000
 |   |-    Bounds: IsValid=false, Min=(X=0.000 Y=0.000 Z=0.000), Max=(X=0.000 Y=0.000 Z=0.000)
 |   |- Transform: 0.000000,0.000000,0.000000|0.000000,0.000000,-0.000000|1.000000,1.000000,1.000000
 |   |- Container: /Game/Levels/ThirdPersonMap
----------------------------------------------------------------------------------------------------------------
ThirdPersonMap - Persistent Level
----------------------------------------------------------------------------------------------------------------
[+] Content of ThirdPersonMap Persistent Level
 |- Always loaded Actor Count: 26 
 |- Actor Path: /Game/Levels/ThirdPersonMap.ThirdPersonMap:PersistentLevel.BP_CustomerSpawner_C_UAID_C85ACF00599FB95402_1538147767
 |- Actor Package: /Game/__ExternalActors__/Levels/ThirdPersonMap/A/LD/3NUXULDZZJWFK9K7GYJTNO
 |- Actor Path: /Game/Levels/ThirdPersonMap.ThirdPersonMap:PersistentLevel.BP_ThirdPersonCharacter_C_UAID_C85ACF00599FBB5402_1356905111
 |- Actor Package: /Game/__ExternalActors__/Levels/ThirdPersonMap/7/2E/NEQZ7H00FV0ES504EP598O
 |- Actor Path: /Game/Levels/ThirdPersonMap.ThirdPersonMap:PersistentLevel.DirectionalLight_0
 |- Actor Package: /Game/__ExternalActors__/Levels/ThirdPersonMap/6/V9/BYH69AFYYG9T7UJD7G4QBZ
 |- Actor Path: /Game/Levels/ThirdPersonMap.ThirdPersonMap:PersistentLevel.ExponentialHeightFog_0
 |- Actor Package: /Game/__ExternalActors__/Levels/ThirdPersonMap/7/LZ/J44H2651PHWH0JKYCS0IB4
 |- Actor Path: /Game/Levels/ThirdPersonMap.ThirdPersonMap:PersistentLevel.NavMeshBoundsVolume_UAID_C85ACF00599FB95402_1427534764
 |- Actor Package: /Game/__ExternalActors__/Levels/ThirdPersonMap/3/IA/AN8HKE2G84UNBERD2K3NS8
 |- Actor Path: /Game/Levels/ThirdPersonMap.ThirdPersonMap:PersistentLevel.PostProcessVolume_0
 |- Actor Package: /Game/__ExternalActors__/Levels/ThirdPersonMap/2/PJ/P4IIXKLU8BE73LXE2KZ9DF
 |- Actor Path: /Game/Levels/ThirdPersonMap.ThirdPersonMap:PersistentLevel.RecastNavMesh_UAID_C85ACF00599FB95402-Default
 |- Actor Package: /Game/__ExternalActors__/Levels/ThirdPersonMap/8/R6/4ZEEFWQDLRXKFQY9BQ0EQ7
 |- Actor Path: /Game/Levels/ThirdPersonMap.ThirdPersonMap:PersistentLevel.SkyAtmosphere_0
 |- Actor Package: /Game/__ExternalActors__/Levels/ThirdPersonMap/2/7O/C11A50URBLKOL7OZR6ML1U
 |- Actor Path: /Game/Levels/ThirdPersonMap.ThirdPersonMap:PersistentLevel.SkyLight_1
 |- Actor Package: /Game/__ExternalActors__/Levels/ThirdPersonMap/7/JN/K6MB6AUNKVOQU9A8H97M2I
 |- Actor Path: /Game/Levels/ThirdPersonMap.ThirdPersonMap:PersistentLevel.StaticMeshActor_UAID_A4AE111137DC5EFB00_1110535423
 |- Actor Package: /Game/__ExternalActors__/Levels/ThirdPersonMap/6/AG/IJ5QIVYL5VO4WDLY0RQ92H
 |- Actor Path: /Game/Levels/ThirdPersonMap.ThirdPersonMap:PersistentLevel.StaticMeshActor_UAID_C85ACF00599FB95402_1179803760
 |- Actor Package: /Game/__ExternalActors__/Levels/ThirdPersonMap/6/HI/YUC5PAR0EUOC9JCJTW1WBW
 |- Actor Path: /Game/Levels/ThirdPersonMap.ThirdPersonMap:PersistentLevel.StaticMeshActor_UAID_C85ACF00599FB95402_1251082761
 |- Actor Package: /Game/__ExternalActors__/Levels/ThirdPersonMap/9/FL/JFNT046AO91F9LYIUV7PMU
 |- Actor Path: /Game/Levels/ThirdPersonMap.ThirdPersonMap:PersistentLevel.StaticMeshActor_UAID_C85ACF00599FB95402_1257652762
 |- Actor Package: /Game/__ExternalActors__/Levels/ThirdPersonMap/1/GP/Y83PE8CZHBUMUSX41Q9OIV
 |- Actor Path: /Game/Levels/ThirdPersonMap.ThirdPersonMap:PersistentLevel.StaticMeshActor_UAID_C85ACF00599FBB5402_1850930111
 |- Actor Package: /Game/__ExternalActors__/Levels/ThirdPersonMap/2/7C/KO91KAJ38D6ZT0MQLQF5YK
 |- Actor Path: /Game/Levels/ThirdPersonMap.ThirdPersonMap:PersistentLevel.StaticMeshActor_UAID_C85ACF00599FBC5402_1203152294
 |- Actor Package: /Game/__ExternalActors__/Levels/ThirdPersonMap/7/7Q/3NQ1W563VC7GOW0FZ2E2S9
 |- Actor Path: /Game/Levels/ThirdPersonMap.ThirdPersonMap:PersistentLevel.StaticMeshActor_UAID_C85ACF00599FBC5402_1239410295
 |- Actor Package: /Game/__ExternalActors__/Levels/ThirdPersonMap/6/VX/EP1VKIY2AB56OFFPSSYEYN
 |- Actor Path: /Game/Levels/ThirdPersonMap.ThirdPersonMap:PersistentLevel.StaticMeshActor_UAID_C85ACF00599FBC5402_1382097304
 |- Actor Package: /Game/__ExternalActors__/Levels/ThirdPersonMap/A/M4/CHE3QUATTWJZW7KRBIYC7S
 |- Actor Path: /Game/Levels/ThirdPersonMap.ThirdPersonMap:PersistentLevel.StaticMeshActor_UAID_C85ACF00599FBC5402_1391095305
 |- Actor Package: /Game/__ExternalActors__/Levels/ThirdPersonMap/D/8W/SWUOCK28DRNZE35XM5E3EE
 |- Actor Path: /Game/Levels/ThirdPersonMap.ThirdPersonMap:PersistentLevel.StaticMeshActor_UAID_C85ACF00599FBC5402_1395096306
 |- Actor Package: /Game/__ExternalActors__/Levels/ThirdPersonMap/A/UE/9529O4N00RSK6HZS60NH0Y
 |- Actor Path: /Game/Levels/ThirdPersonMap.ThirdPersonMap:PersistentLevel.StaticMeshActor_UAID_C85ACF00599FBC5402_1443667307
 |- Actor Package: /Game/__ExternalActors__/Levels/ThirdPersonMap/B/M3/SOLC73KA7AKU89DS502090
 |- Actor Path: /Game/Levels/ThirdPersonMap.ThirdPersonMap:PersistentLevel.StaticMeshActor_UAID_C85ACF00599FBC5402_1458607308
 |- Actor Package: /Game/__ExternalActors__/Levels/ThirdPersonMap/4/7Y/P46GG6R0AE6G0ARY74MVRY
 |- Actor Path: /Game/Levels/ThirdPersonMap.ThirdPersonMap:PersistentLevel.StaticMeshActor_UAID_C85ACF00599FBC5402_1463257309
 |- Actor Package: /Game/__ExternalActors__/Levels/ThirdPersonMap/9/AM/XYWIBUP9AGDDT5785KTEBM
 |- Actor Path: /Game/Levels/ThirdPersonMap.ThirdPersonMap:PersistentLevel.StaticMeshActor_UAID_C85ACF00599FBC5402_1507109310
 |- Actor Package: /Game/__ExternalActors__/Levels/ThirdPersonMap/7/Y1/QZWWW4LG88VXN9BOVM3TVA
 |- Actor Path: /Game/Levels/ThirdPersonMap.ThirdPersonMap:PersistentLevel.StaticMeshActor_UAID_C85ACF00599FBC5402_1580486311
 |- Actor Package: /Game/__ExternalActors__/Levels/ThirdPersonMap/2/3N/QD859591JI9EI6TSMWFPXT
 |- Actor Path: /Game/Levels/ThirdPersonMap.ThirdPersonMap:PersistentLevel.VolumetricCloud_0
 |- Actor Package: /Game/__ExternalActors__/Levels/ThirdPersonMap/E/91/68QJO5ZG9MP1UDY8E0I9SP
 |- Actor Path: /Game/Levels/ThirdPersonMap.ThirdPersonMap:PersistentLevel.WorldDataLayers
 |- Actor Package: /Game/__ExternalActors__/Levels/ThirdPersonMap/9/PJ/UL3AD6AD828D5V7Z4E0QKW

----------------------------------------------------------------------------------------------------------------
ThirdPersonMap - Runtime Hash Set
----------------------------------------------------------------------------------------------------------------

